<?xml version="1.0" encoding="UTF-8"?>
<!-- Generated by org.testng.reporters.JUnitReportReporter -->
<testsuite skipped="0" hostname="tgayatri-mbp" name="Qaclickacademy.SeleniumTest" tests="2" failures="0" timestamp="20 Oct 2020 18:47:54 GMT" time="0.002" errors="0">
  <testcase name="BrowserAutomation" time="0.001" classname="Qaclickacademy.SeleniumTest"/>
  <testcase name="ElementsUi" time="0.001" classname="Qaclickacademy.SeleniumTest"/>
</testsuite> <!-- Qaclickacademy.SeleniumTest -->
