<?xml version="1.0" encoding="UTF-8"?>
<!-- Generated by org.testng.reporters.JUnitReportReporter -->
<testsuite skipped="0" hostname="tgayatri-mbp" name="Qaclickacademy.AppiumTest" tests="2" failures="0" timestamp="21 Oct 2020 17:21:37 GMT" time="0.002" errors="0">
  <testcase name="IOSApps" time="0.001" classname="Qaclickacademy.AppiumTest"/>
  <testcase name="NativeAppAndroid" time="0.001" classname="Qaclickacademy.AppiumTest"/>
</testsuite> <!-- Qaclickacademy.AppiumTest -->
