<?xml version="1.0" encoding="UTF-8"?>
<!-- Generated by org.testng.reporters.JUnitReportReporter -->
<testsuite skipped="0" hostname="tgayatri-mbp" name="Qaclickacademy.APITest" tests="2" failures="0" timestamp="2020-10-22T07:50:25 IST" time="0.003" errors="0">
  <testcase name="JiraApi" time="0.000" classname="Qaclickacademy.APITest"/>
  <system-out/>
  <testcase name="GoogleApi" time="0.003" classname="Qaclickacademy.APITest"/>
  <system-out/>
</testsuite> <!-- Qaclickacademy.APITest -->
