<?xml version="1.0" encoding="UTF-8"?>
<!-- Generated by org.testng.reporters.JUnitReportReporter -->
<testsuite skipped="0" hostname="tgayatri-mbp" name="Qaclickacademy.AppiumTest" tests="2" failures="0" timestamp="2020-10-22T07:50:25 IST" time="0.000" errors="0">
  <testcase name="NativeAppAndroid" time="0.000" classname="Qaclickacademy.AppiumTest"/>
  <system-out/>
  <testcase name="IOSApps" time="0.000" classname="Qaclickacademy.AppiumTest"/>
  <system-out/>
</testsuite> <!-- Qaclickacademy.AppiumTest -->
